SUCCESS: 3:06:44 PM || Created chrome instance.
SUCCESS: 3:07:12 PM || User 1PTP70798 logged in.
INFO: 3:07:28 PM || Session started.
SUCCESS: 3:07:32 PM || All DOM elements found.
INFO: 3:07:32 PM || KNOWN word: mięsień brzucha spotted. Trying to complete it...
SUCCESS: 3:07:36 PM || Word solved.
INFO: 3:07:38 PM || LEARN new word site spotted and skipped.
INFO: 3:07:42 PM || KNOWN word: bitwa, bój, walka spotted. Trying to complete it...
SUCCESS: 3:07:46 PM || Word solved.
INFO: 3:07:49 PM || KNOWN word: sprzęt, wyposażenie spotted. Trying to complete it...
SUCCESS: 3:07:53 PM || Word solved.
INFO: 3:07:55 PM || KNOWN word: królik spotted. Trying to complete it...
SUCCESS: 3:07:59 PM || Word solved.
INFO: 3:08:01 PM || KNOWN word: wyglądać spotted. Trying to complete it...
SUCCESS: 3:08:05 PM || Word solved.
INFO: 3:08:07 PM || KNOWN word: mata spotted. Trying to complete it...
SUCCESS: 3:08:11 PM || Word solved.
INFO: 3:08:13 PM || LEARN new word site spotted and skipped.
INFO: 3:08:18 PM || KNOWN word: szkoła judo spotted. Trying to complete it...
SUCCESS: 3:08:22 PM || Word solved.
INFO: 3:08:24 PM || KNOWN word: chomik spotted. Trying to complete it...
SUCCESS: 3:08:28 PM || Word solved.
INFO: 3:08:30 PM || KNOWN word: świnka morska spotted. Trying to complete it...
SUCCESS: 3:08:34 PM || Word solved.
INFO: 3:08:36 PM || KNOWN word: drzwi spotted. Trying to complete it...
SUCCESS: 3:08:41 PM || Word solved.
INFO: 3:08:43 PM || KNOWN word: uprawiać sport spotted. Trying to complete it...
SUCCESS: 3:08:47 PM || Word solved.
INFO: 3:08:49 PM || KNOWN word: trening siłowy spotted. Trying to complete it...
SUCCESS: 3:08:53 PM || Word solved.
INFO: 3:08:55 PM || LEARN new word site spotted and skipped.
INFO: 3:08:59 PM || KNOWN word: wąż spotted. Trying to complete it...
SUCCESS: 3:09:03 PM || Word solved.
