SUCCESS: 3:06:44 PM || Created chrome instance.
SUCCESS: 3:07:13 PM || User 1PTP335786 logged in.
INFO: 3:07:27 PM || Session started.
SUCCESS: 3:07:31 PM || All DOM elements found.
INFO: 3:07:31 PM || KNOWN word: ściana spotted. Trying to complete it...
SUCCESS: 3:07:36 PM || Word solved.
INFO: 3:07:38 PM || KNOWN word: Dzień Jedności Niemiec spotted. Trying to complete it...
SUCCESS: 3:07:42 PM || Word solved.
INFO: 3:07:44 PM || KNOWN word: dodatkowy spotted. Trying to complete it...
SUCCESS: 3:07:48 PM || Word solved.
INFO: 3:07:50 PM || KNOWN word: teren, okolica spotted. Trying to complete it...
SUCCESS: 3:07:54 PM || Word solved.
INFO: 3:07:56 PM || KNOWN word: ferie jesienne spotted. Trying to complete it...
SUCCESS: 3:08:00 PM || Word solved.
INFO: 3:08:03 PM || KNOWN word: zasięg spotted. Trying to complete it...
SUCCESS: 3:08:07 PM || Word solved.
INFO: 3:08:09 PM || KNOWN word: żółw spotted. Trying to complete it...
SUCCESS: 3:08:13 PM || Word solved.
INFO: 3:08:15 PM || LEARN new word site spotted and skipped.
INFO: 3:08:19 PM || LEARN new word site spotted and skipped.
INFO: 3:08:23 PM || KNOWN word: wspinaczka spotted. Trying to complete it...
SUCCESS: 3:08:27 PM || Word solved.
INFO: 3:08:29 PM || KNOWN word: przemeblowywać spotted. Trying to complete it...
SUCCESS: 3:08:34 PM || Word solved.
INFO: 3:08:36 PM || KNOWN word: narciarstwo biegowe spotted. Trying to complete it...
SUCCESS: 3:08:40 PM || Word solved.
INFO: 3:08:42 PM || KNOWN word: ciemny spotted. Trying to complete it...
SUCCESS: 3:08:46 PM || Word solved.
INFO: 3:08:48 PM || KNOWN word: pożyczać spotted. Trying to complete it...
SUCCESS: 3:08:52 PM || Word solved.
INFO: 3:08:54 PM || KNOWN word: powiedzieć tak, zgadzać się spotted. Trying to complete it...
SUCCESS: 3:08:58 PM || Word solved.
