SUCCESS: 3:06:44 PM || Created chrome instance.
SUCCESS: 3:07:07 PM || User aktr18916 logged in.
INFO: 3:07:24 PM || Session started.
SUCCESS: 3:07:28 PM || All DOM elements found.
INFO: 3:07:28 PM || KNOWN word: szkoła judo spotted. Trying to complete it...
SUCCESS: 3:07:32 PM || Word solved.
INFO: 3:07:35 PM || KNOWN word: wybór, wybory spotted. Trying to complete it...
SUCCESS: 3:07:39 PM || Word solved.
INFO: 3:07:41 PM || LEARN new word site spotted and skipped.
INFO: 3:07:45 PM || KNOWN word: kurs grillowania spotted. Trying to complete it...
SUCCESS: 3:07:49 PM || Word solved.
INFO: 3:07:51 PM || KNOWN word: narciarstwo biegowe spotted. Trying to complete it...
SUCCESS: 3:07:55 PM || Word solved.
INFO: 3:07:57 PM || KNOWN word: stracić na wadze spotted. Trying to complete it...
SUCCESS: 3:08:02 PM || Word solved.
INFO: 3:08:04 PM || KNOWN word: siodło, hist. kulbaka spotted. Trying to complete it...
SUCCESS: 3:08:08 PM || Word solved.
INFO: 3:08:10 PM || KNOWN word: obchodzić jubileusz spotted. Trying to complete it...
SUCCESS: 3:08:14 PM || Word solved.
INFO: 3:08:16 PM || KNOWN word: świętować, obchodzić spotted. Trying to complete it...
SUCCESS: 3:08:20 PM || Word solved.
INFO: 3:08:22 PM || KNOWN word: mebel kuchenny spotted. Trying to complete it...
SUCCESS: 3:08:26 PM || Word solved.
INFO: 3:08:28 PM || KNOWN word: wypróbować spotted. Trying to complete it...
SUCCESS: 3:08:33 PM || Word solved.
INFO: 3:08:35 PM || KNOWN word: latać spotted. Trying to complete it...
SUCCESS: 3:08:39 PM || Word solved.
INFO: 3:08:41 PM || KNOWN word: zapraszać gości spotted. Trying to complete it...
SUCCESS: 3:08:45 PM || Word solved.
INFO: 3:08:47 PM || KNOWN word: uprawiać judo spotted. Trying to complete it...
SUCCESS: 3:08:51 PM || Word solved.
